  battle.cpp
  bow.cpp
  cursedstone.cpp
  dagger.cpp
  gadget.cpp
  gadgets.cpp
  healpotion.cpp
  key.cpp
  shield.cpp
  sword.cpp
  teleportscroll.cpp
  gaming.cpp
  main.cpp
D:\Courses\GDAD\ProjectOUC\ProjectOUC\main.cpp(50,12): warning C4244: “参数”: 从“time_t”转换到“unsigned int”，可能丢失数据
  paint.cpp
  character.cpp
D:\Courses\GDAD\ProjectOUC\ProjectOUC\roles\character.cpp(110,13): warning C4477: “fscanf”: 格式字符串“%d”需要类型“int *”的参数，但可变参数 1 拥有了类型“bool *”
  chest.cpp
  chests.cpp
  goblin.cpp
  monster.cpp
  monsters.cpp
  正在生成代码...
  正在编译...
  slime.cpp
  player.cpp
  scene.cpp
  tile.cpp
  正在生成代码...
  ProjectOUC.vcxproj -> D:\Courses\GDAD\ProjectOUC\ProjectOUC\x64\Debug\ProjectOUC.exe
