d:\下载111\projectouc-main\projectouc-main\projectouc\x64\debug\vc143.pdb
d:\下载111\projectouc-main\projectouc-main\projectouc\x64\debug\vc143.idb
d:\下载111\projectouc-main\projectouc-main\projectouc\x64\debug\monster.obj
d:\下载111\projectouc-main\projectouc-main\projectouc\x64\debug\sword.obj
d:\下载111\projectouc-main\projectouc-main\projectouc\x64\debug\shield.obj
d:\下载111\projectouc-main\projectouc-main\projectouc\x64\debug\healpotion.obj
d:\下载111\projectouc-main\projectouc-main\projectouc\x64\debug\gadgets.obj
d:\下载111\projectouc-main\projectouc-main\projectouc\x64\debug\gadget.obj
d:\下载111\projectouc-main\projectouc-main\projectouc\x64\debug\cursedstone.obj
d:\下载111\projectouc-main\projectouc-main\projectouc\x64\debug\bow.obj
d:\下载111\projectouc-main\projectouc-main\projectouc\x64\debug\chest.obj
d:\下载111\projectouc-main\projectouc-main\projectouc\x64\debug\character.obj
d:\下载111\projectouc-main\projectouc-main\projectouc\x64\debug\monsters.obj
d:\下载111\projectouc-main\projectouc-main\projectouc\x64\debug\gaming.obj
d:\下载111\projectouc-main\projectouc-main\projectouc\x64\debug\chests.obj
d:\下载111\projectouc-main\projectouc-main\projectouc\x64\debug\goblin.obj
d:\下载111\projectouc-main\projectouc-main\projectouc\x64\debug\rect.obj
d:\下载111\projectouc-main\projectouc-main\projectouc\x64\debug\key.obj
d:\下载111\projectouc-main\projectouc-main\projectouc\x64\debug\dagger.obj
d:\下载111\projectouc-main\projectouc-main\projectouc\x64\debug\battle.obj
d:\下载111\projectouc-main\projectouc-main\projectouc\x64\debug\attribute.obj
d:\下载111\projectouc-main\projectouc-main\projectouc\x64\debug\random.obj
d:\下载111\projectouc-main\projectouc-main\projectouc\x64\debug\position.obj
d:\下载111\projectouc-main\projectouc-main\projectouc\x64\debug\tile.obj
d:\下载111\projectouc-main\projectouc-main\projectouc\x64\debug\slime.obj
d:\下载111\projectouc-main\projectouc-main\projectouc\x64\debug\teleportscroll.obj
d:\下载111\projectouc-main\projectouc-main\projectouc\x64\debug\scene.obj
d:\下载111\projectouc-main\projectouc-main\projectouc\x64\debug\player.obj
d:\下载111\projectouc-main\projectouc-main\projectouc\x64\debug\pcg.obj
d:\下载111\projectouc-main\projectouc-main\projectouc\x64\debug\paint.obj
d:\下载111\projectouc-main\projectouc-main\projectouc\x64\debug\main.obj
d:\下载111\projectouc-main\projectouc-main\projectouc\x64\debug\projectouc.exe
d:\下载111\projectouc-main\projectouc-main\projectouc\x64\debug\projectouc.ilk
d:\下载111\projectouc-main\projectouc-main\projectouc\x64\debug\projectouc.pdb
d:\下载111\projectouc-main\projectouc-main\projectouc\x64\debug\projectouc.tlog\cl.command.1.tlog
d:\下载111\projectouc-main\projectouc-main\projectouc\x64\debug\projectouc.tlog\cl.items.tlog
d:\下载111\projectouc-main\projectouc-main\projectouc\x64\debug\projectouc.tlog\cl.read.1.tlog
d:\下载111\projectouc-main\projectouc-main\projectouc\x64\debug\projectouc.tlog\cl.write.1.tlog
d:\下载111\projectouc-main\projectouc-main\projectouc\x64\debug\projectouc.tlog\link.command.1.tlog
d:\下载111\projectouc-main\projectouc-main\projectouc\x64\debug\projectouc.tlog\link.read.1.tlog
d:\下载111\projectouc-main\projectouc-main\projectouc\x64\debug\projectouc.tlog\link.write.1.tlog
